<?xml version="1.0" encoding="UTF-8"?>
<!-- Generated by org.testng.reporters.JUnitReportReporter -->
<testsuite hostname="ashok" failures="0" tests="1" name="bankTest.VerifyLoginTest" time="2.400" errors="0" timestamp="2020-12-11T00:12:09 GMT" skipped="0">
  <testcase classname="bankTest.VerifyLoginTest" name="f" time="2.400"/>
  <system-out/>
</testsuite> <!-- bankTest.VerifyLoginTest -->
