<?xml version="1.0" encoding="UTF-8"?>
<!-- Generated by org.testng.reporters.JUnitReportReporter -->
<testsuite hostname="ashok" failures="0" tests="1" name="bankTest.VerifyLoginTest" time="1.919" errors="0" timestamp="2020-12-09T02:20:36 GMT" skipped="0">
  <testcase classname="bankTest.VerifyLoginTest" name="f" time="1.919"/>
  <system-out/>
</testsuite> <!-- bankTest.VerifyLoginTest -->
